0 info it worked if it ends with ok
1 verbose cli [ '/usr/local/bin/node', '/usr/local/bin/npm', 'publish' ]
2 info using npm@2.11.3
3 info using node@v0.12.7
4 verbose node symlink /usr/local/bin/node
5 verbose publish [ '.' ]
6 silly cache add args [ '.', null ]
7 verbose cache add spec .
8 silly cache add parsed spec { raw: '.',
8 silly cache add   scope: null,
8 silly cache add   name: null,
8 silly cache add   rawSpec: '.',
8 silly cache add   spec: '/Users/mark/src/modules/node-incoming',
8 silly cache add   type: 'directory' }
9 verbose addLocalDirectory /Users/mark/.npm/node-incoming/0.0.1/package.tgz not in flight; packing
10 verbose tar pack [ '/Users/mark/.npm/node-incoming/0.0.1/package.tgz',
10 verbose tar pack   '/Users/mark/src/modules/node-incoming' ]
11 verbose tarball /Users/mark/.npm/node-incoming/0.0.1/package.tgz
12 verbose folder /Users/mark/src/modules/node-incoming
13 info prepublish node-incoming@0.0.1
14 verbose addLocalTarball adding from inside cache /Users/mark/.npm/node-incoming/0.0.1/package.tgz
15 silly cache afterAdd node-incoming@0.0.1
16 verbose afterAdd /Users/mark/.npm/node-incoming/0.0.1/package/package.json not in flight; writing
17 verbose afterAdd /Users/mark/.npm/node-incoming/0.0.1/package/package.json written
18 silly publish { name: 'node-incoming',
18 silly publish   version: '0.0.1',
18 silly publish   description: 'Incoming argument parser',
18 silly publish   main: 'index.js',
18 silly publish   scripts: { test: 'echo "Error: no test specified" && exit 1' },
18 silly publish   author: { name: 'Mark Kahn', email: 'm@vouchr.com' },
18 silly publish   license: 'Unlicense',
18 silly publish   dependencies:
18 silly publish    { 'deep-extend': '^0.4.0',
18 silly publish      'event-chains': '0.0.4',
18 silly publish      'require-all': '^1.1.0',
18 silly publish      'utils-deep-get': '^1.0.0',
18 silly publish      'utils-deep-set': '^1.0.1' },
18 silly publish   devDependencies: { 'app-module-path': '^1.0.3' },
18 silly publish   readme: '# Incoming-args\n\nA utility for parsing input to a function via various paths:\n\n- Shell arguments\n- Direct calls (via `program.call`)\n- Sock file (for having a single "master" instance that you can call repeatedly\n  via the methods above)\n\n## Usage\n\n```js\nvar Program = require( \'node-incoming\' );\n\nvar app = new Program()\n  .version    (\'0.0.1\')\n  .sock       (\'/tmp/my-app.sock\')\n  .option     (\'-a --Apple\', \'Apples are round, kinda\', handler, \'default\')\n  .addHelp    (\'Description of the module goes here\') // + generated help text\n  .rest       (\'fileNames\') // name of your "rest" params\n  .helpText   (\'Help file goes here\') // replaces generated help text\n  .example    (\'node foo.js --foo --bar --baz\')\n  .processArgs() // deferred call to process command-line arguments\n  ;\n\napp.on(\'call\', function(data){\n  // process data\n});\n\napp.on(\'exit\', function(){\n  // clean up before exit\n});\n```\n',
18 silly publish   readmeFilename: 'README.md',
18 silly publish   gitHead: '0c76094a28257438b9c11d62173adfc6f5fc0f04',
18 silly publish   _id: 'node-incoming@0.0.1',
18 silly publish   _shasum: '85eb3cf05ef10c2db813af172a7bd18b5ef797a1',
18 silly publish   _from: '.' }
19 verbose getPublishConfig undefined
20 silly mapToRegistry name node-incoming
21 silly mapToRegistry using default registry
22 silly mapToRegistry registry https://registry.npmjs.org/
23 silly mapToRegistry uri https://registry.npmjs.org/node-incoming
24 verbose publish registryBase https://registry.npmjs.org/
25 silly publish uploading /Users/mark/.npm/node-incoming/0.0.1/package.tgz
26 verbose request uri https://registry.npmjs.org/node-incoming
27 verbose request sending authorization for write operation
28 info attempt registry request try #1 at 5:24:13 PM
29 verbose request using bearer token for auth
30 verbose request id 68c834a8aed78da5
31 http request PUT https://registry.npmjs.org/node-incoming
32 http 403 https://registry.npmjs.org/node-incoming
33 verbose headers { 'content-type': 'application/json',
33 verbose headers   'cache-control': 'max-age=60',
33 verbose headers   'content-length': '95',
33 verbose headers   'accept-ranges': 'bytes',
33 verbose headers   date: 'Fri, 21 Aug 2015 09:24:17 GMT',
33 verbose headers   via: '1.1 varnish',
33 verbose headers   connection: 'keep-alive',
33 verbose headers   'x-served-by': 'cache-sin6921-SIN',
33 verbose headers   'x-cache': 'MISS',
33 verbose headers   'x-cache-hits': '0',
33 verbose headers   'x-timer': 'S1440149055.895842,VS0,VE1668' }
34 verbose request invalidating /Users/mark/.npm/registry.npmjs.org/node-incoming on PUT
35 error publish Failed PUT 403
36 verbose stack Error: "You cannot publish over the previously published version 0.0.1." : node-incoming
36 verbose stack     at CachingRegistryClient.<anonymous> (/usr/local/lib/node_modules/npm/node_modules/npm-registry-client/lib/request.js:247:14)
36 verbose stack     at Request._callback (/usr/local/lib/node_modules/npm/node_modules/npm-registry-client/lib/request.js:170:14)
36 verbose stack     at Request.self.callback (/usr/local/lib/node_modules/npm/node_modules/request/request.js:354:22)
36 verbose stack     at Request.emit (events.js:110:17)
36 verbose stack     at Request.<anonymous> (/usr/local/lib/node_modules/npm/node_modules/request/request.js:1207:14)
36 verbose stack     at Request.emit (events.js:129:20)
36 verbose stack     at IncomingMessage.<anonymous> (/usr/local/lib/node_modules/npm/node_modules/request/request.js:1153:12)
36 verbose stack     at IncomingMessage.emit (events.js:129:20)
36 verbose stack     at _stream_readable.js:908:16
36 verbose stack     at process._tickCallback (node.js:355:11)
37 verbose statusCode 403
38 verbose pkgid node-incoming
39 verbose cwd /Users/mark/src/modules/node-incoming
40 error Darwin 14.4.0
41 error argv "/usr/local/bin/node" "/usr/local/bin/npm" "publish"
42 error node v0.12.7
43 error npm  v2.11.3
44 error code E403
45 error "You cannot publish over the previously published version 0.0.1." : node-incoming
46 error If you need help, you may report this error at:
46 error     <https://github.com/npm/npm/issues>
47 verbose exit [ 1, true ]
